#
# There is insufficient memory for the Java Runtime Environment to continue.
# Native memory allocation (malloc) failed to allocate 2168176 bytes for Chunk::new
# Possible reasons:
#   The system is out of physical RAM or swap space
#   The process is running with CompressedOops enabled, and the Java Heap may be blocking the growth of the native heap
# Possible solutions:
#   Reduce memory load on the system
#   Increase physical memory or swap space
#   Check if swap backing store is full
#   Decrease Java heap size (-Xmx/-Xms)
#   Decrease number of Java threads
#   Decrease Java thread stack sizes (-Xss)
#   Set larger code cache with -XX:ReservedCodeCacheSize=
#   JVM is running with Unscaled Compressed Oops mode in which the Java heap is
#     placed in the first 4GB address space. The Java Heap base address is the
#     maximum limit for the native heap growth. Please use -XX:HeapBaseMinAddress
#     to set the Java Heap base and to place the Java Heap above 4GB virtual address.
# This output file may be truncated or incomplete.
#
#  Out of Memory Error (./src/hotspot/share/memory/arena.cpp:197), pid=7244, tid=3448
#
# JRE version: OpenJDK Runtime Environment (11.0.12+7) (build 11.0.12+7-b1504.28-7817840)
# Java VM: OpenJDK 64-Bit Server VM (11.0.12+7-b1504.28-7817840, mixed mode, tiered, compressed oops, g1 gc, windows-amd64)
# No core dump will be written. Minidumps are not enabled by default on client versions of Windows
#

---------------  S U M M A R Y ------------

Command Line: org.jetbrains.kotlin.cli.jvm.K2JVMCompiler @C:\Users\roger\AndroidStudioProjects\LinearLayoutChallenge\app\build\20221002_12203155793277577142.compiler.options

Host: Intel(R) Core(TM) i5-8250U CPU @ 1.60GHz, 8 cores, 7G,  Windows 10 , 64 bit Build 19041 (10.0.19041.1889)
Time: Sun Oct  2 20:05:09 2022 Hora de verano romance elapsed time: 1.707896 seconds (0d 0h 0m 1s)

---------------  T H R E A D  ---------------

Current thread (0x0000020f877fd800):  JavaThread "C2 CompilerThread0" daemon [_thread_in_native, id=3448, stack(0x00000010a9a00000,0x00000010a9b00000)]


Current CompileTask:
C2:   1707 1988   !   4       jdk.internal.loader.BuiltinClassLoader::loadClassOrNull (143 bytes)

Stack: [0x00000010a9a00000,0x00000010a9b00000]
Native frames: (J=compiled Java code, j=interpreted, Vv=VM code, C=native code)
V  [jvm.dll+0x5fbcea]
V  [jvm.dll+0x731905]
V  [jvm.dll+0x732f1d]
V  [jvm.dll+0x7335d3]
V  [jvm.dll+0x247bf8]
V  [jvm.dll+0xc018c]
V  [jvm.dll+0xc06cc]
V  [jvm.dll+0x35b2db]
V  [jvm.dll+0x328803]
V  [jvm.dll+0x327cfa]
V  [jvm.dll+0x200602]
V  [jvm.dll+0x1ff794]
V  [jvm.dll+0x18868c]
V  [jvm.dll+0x20e0d7]
V  [jvm.dll+0x20c901]
V  [jvm.dll+0x6f9b7f]
V  [jvm.dll+0x6f26a5]
V  [jvm.dll+0x5fabf6]
C  [ucrtbase.dll+0x21bb2]
C  [KERNEL32.DLL+0x17034]
C  [ntdll.dll+0x526a1]


---------------  P R O C E S S  ---------------

Threads class SMR info:
_java_thread_list=0x0000020f882c5400, length=10, elements={
0x0000020fed2fa800, 0x0000020f877de000, 0x0000020f877df800, 0x0000020f877f8000,
0x0000020f877f9000, 0x0000020f877fa000, 0x0000020f877fd800, 0x0000020f87801800,
0x0000020f8817a800, 0x0000020f882d4000
}

Java Threads: ( => current thread )
  0x0000020fed2fa800 JavaThread "main" [_thread_in_Java, id=4864, stack(0x00000010a8e00000,0x00000010a8f00000)]
  0x0000020f877de000 JavaThread "Reference Handler" daemon [_thread_blocked, id=9424, stack(0x00000010a9500000,0x00000010a9600000)]
  0x0000020f877df800 JavaThread "Finalizer" daemon [_thread_blocked, id=5344, stack(0x00000010a9600000,0x00000010a9700000)]
  0x0000020f877f8000 JavaThread "Signal Dispatcher" daemon [_thread_blocked, id=12952, stack(0x00000010a9700000,0x00000010a9800000)]
  0x0000020f877f9000 JavaThread "Attach Listener" daemon [_thread_blocked, id=3212, stack(0x00000010a9800000,0x00000010a9900000)]
  0x0000020f877fa000 JavaThread "Service Thread" daemon [_thread_blocked, id=8208, stack(0x00000010a9900000,0x00000010a9a00000)]
=>0x0000020f877fd800 JavaThread "C2 CompilerThread0" daemon [_thread_in_native, id=3448, stack(0x00000010a9a00000,0x00000010a9b00000)]
  0x0000020f87801800 JavaThread "C1 CompilerThread0" daemon [_thread_blocked, id=2360, stack(0x00000010a9b00000,0x00000010a9c00000)]
  0x0000020f8817a800 JavaThread "Sweeper thread" daemon [_thread_blocked, id=6604, stack(0x00000010a9c00000,0x00000010a9d00000)]
  0x0000020f882d4000 JavaThread "Common-Cleaner" daemon [_thread_blocked, id=3012, stack(0x00000010a9e00000,0x00000010a9f00000)]

Other Threads:
  0x0000020f877dc000 VMThread "VM Thread" [stack: 0x00000010a9400000,0x00000010a9500000] [id=10724]
  0x0000020f882cb800 WatcherThread [stack: 0x00000010a9d00000,0x00000010a9e00000] [id=10132]
  0x0000020fed313000 GCTaskThread "GC Thread#0" [stack: 0x00000010a8f00000,0x00000010a9000000] [id=14980]
  0x0000020f88794800 GCTaskThread "GC Thread#1" [stack: 0x00000010a9f00000,0x00000010aa000000] [id=12736]
  0x0000020f8893e800 GCTaskThread "GC Thread#2" [stack: 0x00000010aa000000,0x00000010aa100000] [id=13576]
  0x0000020fed344800 ConcurrentGCThread "G1 Main Marker" [stack: 0x00000010a9000000,0x00000010a9100000] [id=4936]
  0x0000020fed346800 ConcurrentGCThread "G1 Conc#0" [stack: 0x00000010a9100000,0x00000010a9200000] [id=15296]
  0x0000020f88a6d800 ConcurrentGCThread "G1 Conc#1" [stack: 0x00000010aa100000,0x00000010aa200000] [id=3472]
  0x0000020f87620800 ConcurrentGCThread "G1 Refine#0" [stack: 0x00000010a9200000,0x00000010a9300000] [id=8132]
  0x0000020fed3db800 ConcurrentGCThread "G1 Young RemSet Sampling" [stack: 0x00000010a9300000,0x00000010a9400000] [id=15268]

Threads with active compile tasks:
C2 CompilerThread0   1723 1988   !   4       jdk.internal.loader.BuiltinClassLoader::loadClassOrNull (143 bytes)

VM state:not at safepoint (normal execution)

VM Mutex/Monitor currently owned by a thread: None

Heap address: 0x0000000081600000, size: 2026 MB, Compressed Oops mode: 32-bit
Narrow klass base: 0x0000000000000000, Narrow klass shift: 3
Compressed class space size: 1073741824 Address: 0x0000000100000000

Heap:
 garbage-first heap   total 131072K, used 53248K [0x0000000081600000, 0x0000000100000000)
  region size 1024K, 45 young (46080K), 6 survivors (6144K)
 Metaspace       used 30020K, capacity 30410K, committed 30640K, reserved 1077248K
  class space    used 3581K, capacity 3731K, committed 3840K, reserved 1048576K
Heap Regions: E=young(eden), S=young(survivor), O=old, HS=humongous(starts), HC=humongous(continues), CS=collection set, F=free, A=archive, TAMS=top-at-mark-start (previous, next)
|   0|0x0000000081600000, 0x0000000081700000, 0x0000000081700000|100%|HS|  |TAMS 0x0000000081700000, 0x0000000081600000| Complete 
|   1|0x0000000081700000, 0x0000000081800000, 0x0000000081800000|100%|HC|  |TAMS 0x0000000081800000, 0x0000000081700000| Complete 
|   2|0x0000000081800000, 0x0000000081900000, 0x0000000081900000|100%|HC|  |TAMS 0x0000000081900000, 0x0000000081800000| Complete 
|   3|0x0000000081900000, 0x0000000081a00000, 0x0000000081a00000|100%|HS|  |TAMS 0x0000000081900000, 0x0000000081900000| Complete 
|   4|0x0000000081a00000, 0x0000000081b00000, 0x0000000081b00000|100%|HC|  |TAMS 0x0000000081a00000, 0x0000000081a00000| Complete 
|   5|0x0000000081b00000, 0x0000000081c00000, 0x0000000081c00000|100%|HC|  |TAMS 0x0000000081b00000, 0x0000000081b00000| Complete 
|   6|0x0000000081c00000, 0x0000000081d00000, 0x0000000081d00000|100%|HS|  |TAMS 0x0000000081c00000, 0x0000000081c00000| Complete 
|   7|0x0000000081d00000, 0x0000000081e00000, 0x0000000081e00000|100%|HC|  |TAMS 0x0000000081d00000, 0x0000000081d00000| Complete 
|   8|0x0000000081e00000, 0x0000000081e00000, 0x0000000081f00000|  0%| F|  |TAMS 0x0000000081e00000, 0x0000000081e00000| Untracked 
|   9|0x0000000081f00000, 0x0000000081f00000, 0x0000000082000000|  0%| F|  |TAMS 0x0000000081f00000, 0x0000000081f00000| Untracked 
|  10|0x0000000082000000, 0x0000000082000000, 0x0000000082100000|  0%| F|  |TAMS 0x0000000082000000, 0x0000000082000000| Untracked 
|  11|0x0000000082100000, 0x0000000082100000, 0x0000000082200000|  0%| F|  |TAMS 0x0000000082100000, 0x0000000082100000| Untracked 
|  12|0x0000000082200000, 0x0000000082200000, 0x0000000082300000|  0%| F|  |TAMS 0x0000000082200000, 0x0000000082200000| Untracked 
|  13|0x0000000082300000, 0x0000000082300000, 0x0000000082400000|  0%| F|  |TAMS 0x0000000082300000, 0x0000000082300000| Untracked 
|  14|0x0000000082400000, 0x0000000082400000, 0x0000000082500000|  0%| F|  |TAMS 0x0000000082400000, 0x0000000082400000| Untracked 
|  15|0x0000000082500000, 0x0000000082500000, 0x0000000082600000|  0%| F|  |TAMS 0x0000000082500000, 0x0000000082500000| Untracked 
|  16|0x0000000082600000, 0x0000000082600000, 0x0000000082700000|  0%| F|  |TAMS 0x0000000082600000, 0x0000000082600000| Untracked 
|  17|0x0000000082700000, 0x0000000082700000, 0x0000000082800000|  0%| F|  |TAMS 0x0000000082700000, 0x0000000082700000| Untracked 
|  18|0x0000000082800000, 0x0000000082800000, 0x0000000082900000|  0%| F|  |TAMS 0x0000000082800000, 0x0000000082800000| Untracked 
|  19|0x0000000082900000, 0x0000000082900000, 0x0000000082a00000|  0%| F|  |TAMS 0x0000000082900000, 0x0000000082900000| Untracked 
|  20|0x0000000082a00000, 0x0000000082a00000, 0x0000000082b00000|  0%| F|  |TAMS 0x0000000082a00000, 0x0000000082a00000| Untracked 
|  21|0x0000000082b00000, 0x0000000082b00000, 0x0000000082c00000|  0%| F|  |TAMS 0x0000000082b00000, 0x0000000082b00000| Untracked 
|  22|0x0000000082c00000, 0x0000000082c00000, 0x0000000082d00000|  0%| F|  |TAMS 0x0000000082c00000, 0x0000000082c00000| Untracked 
|  23|0x0000000082d00000, 0x0000000082d00000, 0x0000000082e00000|  0%| F|  |TAMS 0x0000000082d00000, 0x0000000082d00000| Untracked 
|  24|0x0000000082e00000, 0x0000000082e00000, 0x0000000082f00000|  0%| F|  |TAMS 0x0000000082e00000, 0x0000000082e00000| Untracked 
|  25|0x0000000082f00000, 0x0000000082f00000, 0x0000000083000000|  0%| F|  |TAMS 0x0000000082f00000, 0x0000000082f00000| Untracked 
|  26|0x0000000083000000, 0x0000000083000000, 0x0000000083100000|  0%| F|  |TAMS 0x0000000083000000, 0x0000000083000000| Untracked 
|  27|0x0000000083100000, 0x0000000083100000, 0x0000000083200000|  0%| F|  |TAMS 0x0000000083100000, 0x0000000083100000| Untracked 
|  28|0x0000000083200000, 0x0000000083200000, 0x0000000083300000|  0%| F|  |TAMS 0x0000000083200000, 0x0000000083200000| Untracked 
|  29|0x0000000083300000, 0x0000000083300000, 0x0000000083400000|  0%| F|  |TAMS 0x0000000083300000, 0x0000000083300000| Untracked 
|  30|0x0000000083400000, 0x0000000083400000, 0x0000000083500000|  0%| F|  |TAMS 0x0000000083400000, 0x0000000083400000| Untracked 
|  31|0x0000000083500000, 0x0000000083500000, 0x0000000083600000|  0%| F|  |TAMS 0x0000000083500000, 0x0000000083500000| Untracked 
|  32|0x0000000083600000, 0x0000000083600000, 0x0000000083700000|  0%| F|  |TAMS 0x0000000083600000, 0x0000000083600000| Untracked 
|  33|0x0000000083700000, 0x0000000083700000, 0x0000000083800000|  0%| F|  |TAMS 0x0000000083700000, 0x0000000083700000| Untracked 
|  34|0x0000000083800000, 0x0000000083800000, 0x0000000083900000|  0%| F|  |TAMS 0x0000000083800000, 0x0000000083800000| Untracked 
|  35|0x0000000083900000, 0x0000000083900000, 0x0000000083a00000|  0%| F|  |TAMS 0x0000000083900000, 0x0000000083900000| Untracked 
|  36|0x0000000083a00000, 0x0000000083a00000, 0x0000000083b00000|  0%| F|  |TAMS 0x0000000083a00000, 0x0000000083a00000| Untracked 
|  37|0x0000000083b00000, 0x0000000083b00000, 0x0000000083c00000|  0%| F|  |TAMS 0x0000000083b00000, 0x0000000083b00000| Untracked 
|  38|0x0000000083c00000, 0x0000000083c00000, 0x0000000083d00000|  0%| F|  |TAMS 0x0000000083c00000, 0x0000000083c00000| Untracked 
|  39|0x0000000083d00000, 0x0000000083d00000, 0x0000000083e00000|  0%| F|  |TAMS 0x0000000083d00000, 0x0000000083d00000| Untracked 
|  40|0x0000000083e00000, 0x0000000083e00000, 0x0000000083f00000|  0%| F|  |TAMS 0x0000000083e00000, 0x0000000083e00000| Untracked 
|  41|0x0000000083f00000, 0x0000000083f00000, 0x0000000084000000|  0%| F|  |TAMS 0x0000000083f00000, 0x0000000083f00000| Untracked 
|  42|0x0000000084000000, 0x0000000084000000, 0x0000000084100000|  0%| F|  |TAMS 0x0000000084000000, 0x0000000084000000| Untracked 
|  43|0x0000000084100000, 0x0000000084100000, 0x0000000084200000|  0%| F|  |TAMS 0x0000000084100000, 0x0000000084100000| Untracked 
|  44|0x0000000084200000, 0x0000000084200000, 0x0000000084300000|  0%| F|  |TAMS 0x0000000084200000, 0x0000000084200000| Untracked 
|  45|0x0000000084300000, 0x0000000084300000, 0x0000000084400000|  0%| F|  |TAMS 0x0000000084300000, 0x0000000084300000| Untracked 
|  46|0x0000000084400000, 0x0000000084400000, 0x0000000084500000|  0%| F|  |TAMS 0x0000000084400000, 0x0000000084400000| Untracked 
|  47|0x0000000084500000, 0x0000000084500000, 0x0000000084600000|  0%| F|  |TAMS 0x0000000084500000, 0x0000000084500000| Untracked 
|  48|0x0000000084600000, 0x0000000084600000, 0x0000000084700000|  0%| F|  |TAMS 0x0000000084600000, 0x0000000084600000| Untracked 
|  49|0x0000000084700000, 0x0000000084700000, 0x0000000084800000|  0%| F|  |TAMS 0x0000000084700000, 0x0000000084700000| Untracked 
|  50|0x0000000084800000, 0x0000000084800000, 0x0000000084900000|  0%| F|  |TAMS 0x0000000084800000, 0x0000000084800000| Untracked 
|  51|0x0000000084900000, 0x0000000084900000, 0x0000000084a00000|  0%| F|  |TAMS 0x0000000084900000, 0x0000000084900000| Untracked 
|  52|0x0000000084a00000, 0x0000000084a00000, 0x0000000084b00000|  0%| F|  |TAMS 0x0000000084a00000, 0x0000000084a00000| Untracked 
|  53|0x0000000084b00000, 0x0000000084b00000, 0x0000000084c00000|  0%| F|  |TAMS 0x0000000084b00000, 0x0000000084b00000| Untracked 
|  54|0x0000000084c00000, 0x0000000084c00000, 0x0000000084d00000|  0%| F|  |TAMS 0x0000000084c00000, 0x0000000084c00000| Untracked 
|  55|0x0000000084d00000, 0x0000000084d00000, 0x0000000084e00000|  0%| F|  |TAMS 0x0000000084d00000, 0x0000000084d00000| Untracked 
|  56|0x0000000084e00000, 0x0000000084e00000, 0x0000000084f00000|  0%| F|  |TAMS 0x0000000084e00000, 0x0000000084e00000| Untracked 
|  57|0x0000000084f00000, 0x0000000084f00000, 0x0000000085000000|  0%| F|  |TAMS 0x0000000084f00000, 0x0000000084f00000| Untracked 
|  58|0x0000000085000000, 0x0000000085000000, 0x0000000085100000|  0%| F|  |TAMS 0x0000000085000000, 0x0000000085000000| Untracked 
|  59|0x0000000085100000, 0x0000000085100000, 0x0000000085200000|  0%| F|  |TAMS 0x0000000085100000, 0x0000000085100000| Untracked 
|  60|0x0000000085200000, 0x0000000085200000, 0x0000000085300000|  0%| F|  |TAMS 0x0000000085200000, 0x0000000085200000| Untracked 
|  61|0x0000000085300000, 0x0000000085300000, 0x0000000085400000|  0%| F|  |TAMS 0x0000000085300000, 0x0000000085300000| Untracked 
|  62|0x0000000085400000, 0x0000000085400000, 0x0000000085500000|  0%| F|  |TAMS 0x0000000085400000, 0x0000000085400000| Untracked 
|  63|0x0000000085500000, 0x0000000085500000, 0x0000000085600000|  0%| F|  |TAMS 0x0000000085500000, 0x0000000085500000| Untracked 
|  64|0x0000000085600000, 0x0000000085600000, 0x0000000085700000|  0%| F|  |TAMS 0x0000000085600000, 0x0000000085600000| Untracked 
|  65|0x0000000085700000, 0x0000000085700000, 0x0000000085800000|  0%| F|  |TAMS 0x0000000085700000, 0x0000000085700000| Untracked 
|  66|0x0000000085800000, 0x0000000085800000, 0x0000000085900000|  0%| F|  |TAMS 0x0000000085800000, 0x0000000085800000| Untracked 
|  67|0x0000000085900000, 0x0000000085900000, 0x0000000085a00000|  0%| F|  |TAMS 0x0000000085900000, 0x0000000085900000| Untracked 
|  68|0x0000000085a00000, 0x0000000085a00000, 0x0000000085b00000|  0%| F|  |TAMS 0x0000000085a00000, 0x0000000085a00000| Untracked 
|  69|0x0000000085b00000, 0x0000000085b00000, 0x0000000085c00000|  0%| F|  |TAMS 0x0000000085b00000, 0x0000000085b00000| Untracked 
|  70|0x0000000085c00000, 0x0000000085c00000, 0x0000000085d00000|  0%| F|  |TAMS 0x0000000085c00000, 0x0000000085c00000| Untracked 
|  71|0x0000000085d00000, 0x0000000085d00000, 0x0000000085e00000|  0%| F|  |TAMS 0x0000000085d00000, 0x0000000085d00000| Untracked 
|  72|0x0000000085e00000, 0x0000000085e00000, 0x0000000085f00000|  0%| F|  |TAMS 0x0000000085e00000, 0x0000000085e00000| Untracked 
|  73|0x0000000085f00000, 0x0000000085f00000, 0x0000000086000000|  0%| F|  |TAMS 0x0000000085f00000, 0x0000000085f00000| Untracked 
|  74|0x0000000086000000, 0x0000000086000000, 0x0000000086100000|  0%| F|  |TAMS 0x0000000086000000, 0x0000000086000000| Untracked 
|  75|0x0000000086100000, 0x0000000086100000, 0x0000000086200000|  0%| F|  |TAMS 0x0000000086100000, 0x0000000086100000| Untracked 
|  76|0x0000000086200000, 0x0000000086200000, 0x0000000086300000|  0%| F|  |TAMS 0x0000000086200000, 0x0000000086200000| Untracked 
|  77|0x0000000086300000, 0x0000000086300000, 0x0000000086400000|  0%| F|  |TAMS 0x0000000086300000, 0x0000000086300000| Untracked 
|  78|0x0000000086400000, 0x0000000086400000, 0x0000000086500000|  0%| F|  |TAMS 0x0000000086400000, 0x0000000086400000| Untracked 
|  79|0x0000000086500000, 0x0000000086500000, 0x0000000086600000|  0%| F|  |TAMS 0x0000000086500000, 0x0000000086500000| Untracked 
|  80|0x0000000086600000, 0x0000000086600000, 0x0000000086700000|  0%| F|  |TAMS 0x0000000086600000, 0x0000000086600000| Untracked 
|  81|0x0000000086700000, 0x0000000086700000, 0x0000000086800000|  0%| F|  |TAMS 0x0000000086700000, 0x0000000086700000| Untracked 
|  82|0x0000000086800000, 0x0000000086800000, 0x0000000086900000|  0%| F|  |TAMS 0x0000000086800000, 0x0000000086800000| Untracked 
|  83|0x0000000086900000, 0x0000000086a00000, 0x0000000086a00000|100%| S|CS|TAMS 0x0000000086900000, 0x0000000086900000| Complete 
|  84|0x0000000086a00000, 0x0000000086b00000, 0x0000000086b00000|100%| S|CS|TAMS 0x0000000086a00000, 0x0000000086a00000| Complete 
|  85|0x0000000086b00000, 0x0000000086c00000, 0x0000000086c00000|100%| S|CS|TAMS 0x0000000086b00000, 0x0000000086b00000| Complete 
|  86|0x0000000086c00000, 0x0000000086d00000, 0x0000000086d00000|100%| S|CS|TAMS 0x0000000086c00000, 0x0000000086c00000| Complete 
|  87|0x0000000086d00000, 0x0000000086e00000, 0x0000000086e00000|100%| S|CS|TAMS 0x0000000086d00000, 0x0000000086d00000| Complete 
|  88|0x0000000086e00000, 0x0000000086f00000, 0x0000000086f00000|100%| S|CS|TAMS 0x0000000086e00000, 0x0000000086e00000| Complete 
|  89|0x0000000086f00000, 0x0000000087000000, 0x0000000087000000|100%| E|  |TAMS 0x0000000086f00000, 0x0000000086f00000| Complete 
|  90|0x0000000087000000, 0x0000000087100000, 0x0000000087100000|100%| E|CS|TAMS 0x0000000087000000, 0x0000000087000000| Complete 
|  91|0x0000000087100000, 0x0000000087200000, 0x0000000087200000|100%| E|CS|TAMS 0x0000000087100000, 0x0000000087100000| Complete 
|  92|0x0000000087200000, 0x0000000087300000, 0x0000000087300000|100%| E|CS|TAMS 0x0000000087200000, 0x0000000087200000| Complete 
|  93|0x0000000087300000, 0x0000000087400000, 0x0000000087400000|100%| E|CS|TAMS 0x0000000087300000, 0x0000000087300000| Complete 
|  94|0x0000000087400000, 0x0000000087500000, 0x0000000087500000|100%| E|CS|TAMS 0x0000000087400000, 0x0000000087400000| Complete 
|  95|0x0000000087500000, 0x0000000087600000, 0x0000000087600000|100%| E|CS|TAMS 0x0000000087500000, 0x0000000087500000| Complete 
|  96|0x0000000087600000, 0x0000000087700000, 0x0000000087700000|100%| E|CS|TAMS 0x0000000087600000, 0x0000000087600000| Complete 
|  97|0x0000000087700000, 0x0000000087800000, 0x0000000087800000|100%| E|CS|TAMS 0x0000000087700000, 0x0000000087700000| Complete 
|  98|0x0000000087800000, 0x0000000087900000, 0x0000000087900000|100%| E|CS|TAMS 0x0000000087800000, 0x0000000087800000| Complete 
|  99|0x0000000087900000, 0x0000000087a00000, 0x0000000087a00000|100%| E|CS|TAMS 0x0000000087900000, 0x0000000087900000| Complete 
| 100|0x0000000087a00000, 0x0000000087b00000, 0x0000000087b00000|100%| E|CS|TAMS 0x0000000087a00000, 0x0000000087a00000| Complete 
| 101|0x0000000087b00000, 0x0000000087c00000, 0x0000000087c00000|100%| E|CS|TAMS 0x0000000087b00000, 0x0000000087b00000| Complete 
| 102|0x0000000087c00000, 0x0000000087d00000, 0x0000000087d00000|100%| E|CS|TAMS 0x0000000087c00000, 0x0000000087c00000| Complete 
| 103|0x0000000087d00000, 0x0000000087e00000, 0x0000000087e00000|100%| E|CS|TAMS 0x0000000087d00000, 0x0000000087d00000| Complete 
| 104|0x0000000087e00000, 0x0000000087f00000, 0x0000000087f00000|100%| E|CS|TAMS 0x0000000087e00000, 0x0000000087e00000| Complete 
| 105|0x0000000087f00000, 0x0000000088000000, 0x0000000088000000|100%| E|CS|TAMS 0x0000000087f00000, 0x0000000087f00000| Complete 
| 106|0x0000000088000000, 0x0000000088100000, 0x0000000088100000|100%| E|CS|TAMS 0x0000000088000000, 0x0000000088000000| Complete 
| 107|0x0000000088100000, 0x0000000088200000, 0x0000000088200000|100%| E|CS|TAMS 0x0000000088100000, 0x0000000088100000| Complete 
| 108|0x0000000088200000, 0x0000000088300000, 0x0000000088300000|100%| E|CS|TAMS 0x0000000088200000, 0x0000000088200000| Complete 
| 109|0x0000000088300000, 0x0000000088400000, 0x0000000088400000|100%| E|CS|TAMS 0x0000000088300000, 0x0000000088300000| Complete 
| 110|0x0000000088400000, 0x0000000088500000, 0x0000000088500000|100%| E|CS|TAMS 0x0000000088400000, 0x0000000088400000| Complete 
| 111|0x0000000088500000, 0x0000000088600000, 0x0000000088600000|100%| E|CS|TAMS 0x0000000088500000, 0x0000000088500000| Complete 
| 112|0x0000000088600000, 0x0000000088700000, 0x0000000088700000|100%| E|CS|TAMS 0x0000000088600000, 0x0000000088600000| Complete 
| 113|0x0000000088700000, 0x0000000088800000, 0x0000000088800000|100%| E|CS|TAMS 0x0000000088700000, 0x0000000088700000| Complete 
| 114|0x0000000088800000, 0x0000000088900000, 0x0000000088900000|100%| E|CS|TAMS 0x0000000088800000, 0x0000000088800000| Complete 
| 115|0x0000000088900000, 0x0000000088a00000, 0x0000000088a00000|100%| E|CS|TAMS 0x0000000088900000, 0x0000000088900000| Complete 
| 116|0x0000000088a00000, 0x0000000088b00000, 0x0000000088b00000|100%| E|CS|TAMS 0x0000000088a00000, 0x0000000088a00000| Complete 
| 117|0x0000000088b00000, 0x0000000088c00000, 0x0000000088c00000|100%| E|CS|TAMS 0x0000000088b00000, 0x0000000088b00000| Complete 
| 118|0x0000000088c00000, 0x0000000088d00000, 0x0000000088d00000|100%| E|CS|TAMS 0x0000000088c00000, 0x0000000088c00000| Complete 
| 119|0x0000000088d00000, 0x0000000088e00000, 0x0000000088e00000|100%| E|CS|TAMS 0x0000000088d00000, 0x0000000088d00000| Complete 
| 120|0x0000000088e00000, 0x0000000088f00000, 0x0000000088f00000|100%| E|CS|TAMS 0x0000000088e00000, 0x0000000088e00000| Complete 
| 121|0x0000000088f00000, 0x0000000089000000, 0x0000000089000000|100%| E|CS|TAMS 0x0000000088f00000, 0x0000000088f00000| Complete 
| 122|0x0000000089000000, 0x0000000089100000, 0x0000000089100000|100%| E|CS|TAMS 0x0000000089000000, 0x0000000089000000| Complete 
| 123|0x0000000089100000, 0x0000000089200000, 0x0000000089200000|100%| E|CS|TAMS 0x0000000089100000, 0x0000000089100000| Complete 
| 124|0x0000000089200000, 0x0000000089300000, 0x0000000089300000|100%| E|CS|TAMS 0x0000000089200000, 0x0000000089200000| Complete 
| 125|0x0000000089300000, 0x0000000089400000, 0x0000000089400000|100%| E|CS|TAMS 0x0000000089300000, 0x0000000089300000| Complete 
| 126|0x0000000089400000, 0x0000000089500000, 0x0000000089500000|100%| E|CS|TAMS 0x0000000089400000, 0x0000000089400000| Complete 
| 127|0x0000000089500000, 0x0000000089600000, 0x0000000089600000|100%| E|CS|TAMS 0x0000000089500000, 0x0000000089500000| Complete 

Card table byte_map: [0x0000020f80620000,0x0000020f80a20000] _byte_map_base: 0x0000020f80215000

Marking Bits (Prev, Next): (CMBitMap*) 0x0000020fed33baf0, (CMBitMap*) 0x0000020fed33bab8
 Prev Bits: [0x0000020f82dd0000, 0x0000020f84d78000)
 Next Bits: [0x0000020f80e20000, 0x0000020f82dc8000)

Polling page: 0x0000020feb270000

Metaspace:

Usage:
  Non-class:     26.12 MB capacity,    25.87 MB (>99%) used,   201.80 KB ( <1%) free+waste,    46.56 KB ( <1%) overhead. 
      Class:      3.67 MB capacity,     3.50 MB ( 95%) used,   154.43 KB (  4%) free+waste,    22.56 KB ( <1%) overhead. 
       Both:     29.79 MB capacity,    29.38 MB ( 99%) used,   356.23 KB (  1%) free+waste,    69.13 KB ( <1%) overhead. 

Virtual space:
  Non-class space:       28.00 MB reserved,      26.17 MB ( 93%) committed 
      Class space:        1.00 GB reserved,       3.75 MB ( <1%) committed 
             Both:        1.03 GB reserved,      29.92 MB (  3%) committed 

Chunk freelists:
   Non-Class:  57.00 KB
       Class:  13.00 KB
        Both:  70.00 KB

MaxMetaspaceSize: 17179869184.00 GB
CompressedClassSpaceSize: 1.00 GB
Initial GC threshold: 20.80 MB
Current GC threshold: 35.08 MB
CDS: off

CodeHeap 'non-profiled nmethods': size=120000Kb used=699Kb max_used=699Kb free=119300Kb
 bounds [0x0000020ff88e0000, 0x0000020ff8b50000, 0x0000020fffe10000]
CodeHeap 'profiled nmethods': size=120000Kb used=3850Kb max_used=3850Kb free=116149Kb
 bounds [0x0000020ff13b0000, 0x0000020ff1780000, 0x0000020ff88e0000]
CodeHeap 'non-nmethods': size=5760Kb used=1244Kb max_used=1250Kb free=4515Kb
 bounds [0x0000020ff0e10000, 0x0000020ff1080000, 0x0000020ff13b0000]
 total_blobs=2622 nmethods=2110 adapters=424
 compilation: enabled
              stopped_count=0, restarted_count=0
 full_count=0

Compilation events (20 events):
Event: 1.652 Thread 0x0000020f87801800 2112       3       java.lang.AbstractStringBuilder::reverse (86 bytes)
Event: 1.653 Thread 0x0000020f87801800 nmethod 2112 0x0000020ff176ea90 code [0x0000020ff176ec60, 0x0000020ff176ef28]
Event: 1.657 Thread 0x0000020f87801800 2113       3       org.jetbrains.kotlin.com.intellij.util.containers.hash.HashUtil::hash (27 bytes)
Event: 1.658 Thread 0x0000020f87801800 nmethod 2113 0x0000020ff176f090 code [0x0000020ff176f260, 0x0000020ff176f5d8]
Event: 1.658 Thread 0x0000020f87801800 2114       3       org.jetbrains.kotlin.com.intellij.util.io.FileAccessorCache::getHashCode (5 bytes)
Event: 1.658 Thread 0x0000020f87801800 nmethod 2114 0x0000020ff176f710 code [0x0000020ff176f8c0, 0x0000020ff176fa88]
Event: 1.660 Thread 0x0000020f87801800 2115       3       sun.nio.fs.WindowsFileAttributes::lastModifiedTime (8 bytes)
Event: 1.660 Thread 0x0000020f87801800 nmethod 2115 0x0000020ff176fb90 code [0x0000020ff176fd80, 0x0000020ff1770178]
Event: 1.660 Thread 0x0000020f87801800 2116       3       sun.nio.fs.WindowsFileAttributes::toFileTime (20 bytes)
Event: 1.660 Thread 0x0000020f87801800 nmethod 2116 0x0000020ff1770310 code [0x0000020ff17704e0, 0x0000020ff1770858]
Event: 1.662 Thread 0x0000020f87801800 2117       3       java.util.concurrent.TimeUnit::toMillis (69 bytes)
Event: 1.662 Thread 0x0000020f87801800 nmethod 2117 0x0000020ff1770a10 code [0x0000020ff1770bc0, 0x0000020ff1770e78]
Event: 1.662 Thread 0x0000020f87801800 2118       3       java.nio.file.attribute.FileTime::toMillis (98 bytes)
Event: 1.663 Thread 0x0000020f87801800 nmethod 2118 0x0000020ff1770f10 code [0x0000020ff1771100, 0x0000020ff1771568]
Event: 1.666 Thread 0x0000020f87801800 2120       1       org.jetbrains.kotlin.com.intellij.util.containers.hash.LinkedHashMap$Entry::access$100 (5 bytes)
Event: 1.667 Thread 0x0000020f87801800 nmethod 2120 0x0000020ff898dd90 code [0x0000020ff898df40, 0x0000020ff898dfd8]
Event: 1.667 Thread 0x0000020f87801800 2121       1       org.jetbrains.kotlin.com.intellij.util.containers.hash.LinkedHashMap$Entry::access$000 (5 bytes)
Event: 1.667 Thread 0x0000020f87801800 nmethod 2121 0x0000020ff898e090 code [0x0000020ff898e240, 0x0000020ff898e2d8]
Event: 1.669 Thread 0x0000020f87801800 2122       3       sun.nio.fs.WindowsPath::<init> (26 bytes)
Event: 1.669 Thread 0x0000020f87801800 nmethod 2122 0x0000020ff1771710 code [0x0000020ff17718e0, 0x0000020ff1771bb8]

GC Heap History (4 events):
Event: 0.503 GC heap before
{Heap before GC invocations=0 (full 0):
 garbage-first heap   total 131072K, used 27648K [0x0000000081600000, 0x0000000100000000)
  region size 1024K, 24 young (24576K), 0 survivors (0K)
 Metaspace       used 12364K, capacity 12504K, committed 12800K, reserved 1060864K
  class space    used 1166K, capacity 1207K, committed 1280K, reserved 1048576K
}
Event: 0.507 GC heap after
{Heap after GC invocations=1 (full 0):
 garbage-first heap   total 131072K, used 5917K [0x0000000081600000, 0x0000000100000000)
  region size 1024K, 3 young (3072K), 3 survivors (3072K)
 Metaspace       used 12364K, capacity 12504K, committed 12800K, reserved 1060864K
  class space    used 1166K, capacity 1207K, committed 1280K, reserved 1048576K
}
Event: 1.004 GC heap before
{Heap before GC invocations=1 (full 0):
 garbage-first heap   total 131072K, used 41757K [0x0000000081600000, 0x0000000100000000)
  region size 1024K, 39 young (39936K), 3 survivors (3072K)
 Metaspace       used 20875K, capacity 21087K, committed 21296K, reserved 1069056K
  class space    used 2222K, capacity 2312K, committed 2432K, reserved 1048576K
}
Event: 1.017 GC heap after
{Heap after GC invocations=2 (full 0):
 garbage-first heap   total 131072K, used 9216K [0x0000000081600000, 0x0000000100000000)
  region size 1024K, 6 young (6144K), 6 survivors (6144K)
 Metaspace       used 20875K, capacity 21087K, committed 21296K, reserved 1069056K
  class space    used 2222K, capacity 2312K, committed 2432K, reserved 1048576K
}

Deoptimization events (20 events):
Event: 1.550 Thread 0x0000020fed2fa800 Uncommon trap: trap_request=0xffffffde fr.pc=0x0000020ff8978f04 relative=0x0000000000000064
Event: 1.550 Thread 0x0000020fed2fa800 Uncommon trap: reason=class_check action=maybe_recompile pc=0x0000020ff8978f04 method=java.util.LinkedHashMap.afterNodeInsertion(Z)V @ 15 c2
Event: 1.550 Thread 0x0000020fed2fa800 DEOPT PACKING pc=0x0000020ff8978f04 sp=0x00000010a8efdf20
Event: 1.550 Thread 0x0000020fed2fa800 DEOPT UNPACKING pc=0x0000020ff0e5a1af sp=0x00000010a8efde98 mode 2
Event: 1.550 Thread 0x0000020fed2fa800 Uncommon trap: trap_request=0xffffffde fr.pc=0x0000020ff8978f04 relative=0x0000000000000064
Event: 1.550 Thread 0x0000020fed2fa800 Uncommon trap: reason=class_check action=maybe_recompile pc=0x0000020ff8978f04 method=java.util.LinkedHashMap.afterNodeInsertion(Z)V @ 15 c2
Event: 1.550 Thread 0x0000020fed2fa800 DEOPT PACKING pc=0x0000020ff8978f04 sp=0x00000010a8efdf20
Event: 1.550 Thread 0x0000020fed2fa800 DEOPT UNPACKING pc=0x0000020ff0e5a1af sp=0x00000010a8efde98 mode 2
Event: 1.555 Thread 0x0000020fed2fa800 Uncommon trap: trap_request=0xffffff4d fr.pc=0x0000020ff88fb254 relative=0x0000000000000974
Event: 1.555 Thread 0x0000020fed2fa800 Uncommon trap: reason=unstable_if action=reinterpret pc=0x0000020ff88fb254 method=java.util.zip.ZipFile$Source.getEntryPos([BZ)I @ 156 c2
Event: 1.555 Thread 0x0000020fed2fa800 DEOPT PACKING pc=0x0000020ff88fb254 sp=0x00000010a8efe1c0
Event: 1.555 Thread 0x0000020fed2fa800 DEOPT UNPACKING pc=0x0000020ff0e5a1af sp=0x00000010a8efe160 mode 2
Event: 1.563 Thread 0x0000020fed2fa800 Uncommon trap: trap_request=0xffffffde fr.pc=0x0000020ff8978f04 relative=0x0000000000000064
Event: 1.563 Thread 0x0000020fed2fa800 Uncommon trap: reason=class_check action=maybe_recompile pc=0x0000020ff8978f04 method=java.util.LinkedHashMap.afterNodeInsertion(Z)V @ 15 c2
Event: 1.563 Thread 0x0000020fed2fa800 DEOPT PACKING pc=0x0000020ff8978f04 sp=0x00000010a8efdf20
Event: 1.563 Thread 0x0000020fed2fa800 DEOPT UNPACKING pc=0x0000020ff0e5a1af sp=0x00000010a8efde98 mode 2
Event: 1.563 Thread 0x0000020fed2fa800 Uncommon trap: trap_request=0xffffffde fr.pc=0x0000020ff8978f04 relative=0x0000000000000064
Event: 1.563 Thread 0x0000020fed2fa800 Uncommon trap: reason=class_check action=maybe_recompile pc=0x0000020ff8978f04 method=java.util.LinkedHashMap.afterNodeInsertion(Z)V @ 15 c2
Event: 1.563 Thread 0x0000020fed2fa800 DEOPT PACKING pc=0x0000020ff8978f04 sp=0x00000010a8efdf20
Event: 1.563 Thread 0x0000020fed2fa800 DEOPT UNPACKING pc=0x0000020ff0e5a1af sp=0x00000010a8efde98 mode 2

Classes redefined (0 events):
No events

Internal exceptions (20 events):
Event: 0.983 Thread 0x0000020fed2fa800 Exception <a 'java/lang/NoSuchMethodError'{0x0000000087105428}: 'long java.lang.invoke.DirectMethodHandle$Holder.invokeStatic(java.lang.Object)'> (0x0000000087105428) thrown at [./src/hotspot/share/interpreter/linkResolver.cpp, line 773]
Event: 0.984 Thread 0x0000020fed2fa800 Exception <a 'java/lang/NoSuchMethodError'{0x0000000087108280}: 'long java.lang.invoke.DirectMethodHandle$Holder.invokeStaticInit(java.lang.Object)'> (0x0000000087108280) thrown at [./src/hotspot/share/interpreter/linkResolver.cpp, line 773]
Event: 1.044 Thread 0x0000020fed2fa800 Exception <a 'java/lang/NoSuchMethodError'{0x0000000089484ae8}: 'int java.lang.invoke.DirectMethodHandle$Holder.invokeStaticInit(java.lang.Object, java.lang.Object, java.lang.Object)'> (0x0000000089484ae8) thrown at [./src/hotspot/share/interpreter/linkResolver.cpp, line 773]
Event: 1.047 Thread 0x0000020fed2fa800 Exception <a 'java/lang/NoSuchMethodError'{0x00000000894b02c8}: 'int java.lang.invoke.DirectMethodHandle$Holder.invokeStaticInit(java.lang.Object, java.lang.Object)'> (0x00000000894b02c8) thrown at [./src/hotspot/share/interpreter/linkResolver.cpp, line 773]
Event: 1.095 Thread 0x0000020fed2fa800 Exception <a 'java/lang/NoSuchMethodError'{0x00000000892c0c90}: 'void java.lang.invoke.DirectMethodHandle$Holder.invokeSpecial(java.lang.Object, java.lang.Object)'> (0x00000000892c0c90) thrown at [./src/hotspot/share/interpreter/linkResolver.cpp, line 773]
Event: 1.261 Thread 0x0000020fed2fa800 Exception <a 'java/lang/NoSuchMethodError'{0x0000000088af0ba0}: 'java.lang.Object java.lang.invoke.DirectMethodHandle$Holder.invokeStatic(java.lang.Object, java.lang.Object, java.lang.Object, java.lang.Object, java.lang.Object, java.lang.Object, java.lang.Object, java.lang.Object, java.lang.Object, java.lang.Object, java.lang.Object, java.lang.Object, java.lang.Object, java.lang.Object, java.lang.Object)'> (0x0000000088af0ba0) thrown at [./src/hotspot/share/interpreter/linkResolver.cpp, line 773]
Event: 1.262 Thread 0x0000020fed2fa800 Exception <a 'java/lang/NoSuchMethodError'{0x0000000088afeba8}: 'java.lang.Object java.lang.invoke.DirectMethodHandle$Holder.invokeStatic(java.lang.Object, java.lang.Object, java.lang.Object, java.lang.Object, java.lang.Object, java.lang.Object, java.lang.Object, java.lang.Object, java.lang.Object, java.lang.Object, java.lang.Object, java.lang.Object, java.lang.Object, java.lang.Object, java.lang.Object, java.lang.Object)'> (0x0000000088afeba8) thrown at [./src/hotspot/share/interpreter/linkResolver.cpp, l
Event: 1.264 Thread 0x0000020fed2fa800 Exception <a 'java/lang/NoSuchMethodError'{0x000000008890cfb8}: 'java.lang.Object java.lang.invoke.DirectMethodHandle$Holder.invokeSpecial(java.lang.Object, java.lang.Object, int, int, java.lang.Object, java.lang.Object, java.lang.Object)'> (0x000000008890cfb8) thrown at [./src/hotspot/share/interpreter/linkResolver.cpp, line 773]
Event: 1.264 Thread 0x0000020fed2fa800 Exception <a 'java/lang/NoSuchMethodError'{0x00000000889107f0}: 'java.lang.Object java.lang.invoke.DelegatingMethodHandle$Holder.reinvoke_L(java.lang.Object, int, int, java.lang.Object, java.lang.Object, java.lang.Object)'> (0x00000000889107f0) thrown at [./src/hotspot/share/interpreter/linkResolver.cpp, line 773]
Event: 1.265 Thread 0x0000020fed2fa800 Exception <a 'java/lang/NoSuchMethodError'{0x0000000088914b78}: 'java.lang.Object java.lang.invoke.DirectMethodHandle$Holder.invokeStatic(java.lang.Object, java.lang.Object, java.lang.Object, java.lang.Object, int)'> (0x0000000088914b78) thrown at [./src/hotspot/share/interpreter/linkResolver.cpp, line 773]
Event: 1.307 Thread 0x0000020fed2fa800 Exception <a 'sun/nio/fs/WindowsException'{0x0000000088854398}> (0x0000000088854398) thrown at [./src/hotspot/share/prims/jni.cpp, line 615]
Event: 1.307 Thread 0x0000020fed2fa800 Exception <a 'sun/nio/fs/WindowsException'{0x0000000088854c10}> (0x0000000088854c10) thrown at [./src/hotspot/share/prims/jni.cpp, line 615]
Event: 1.307 Thread 0x0000020fed2fa800 Exception <a 'sun/nio/fs/WindowsException'{0x0000000088855498}> (0x0000000088855498) thrown at [./src/hotspot/share/prims/jni.cpp, line 615]
Event: 1.308 Thread 0x0000020fed2fa800 Exception <a 'sun/nio/fs/WindowsException'{0x0000000088855e90}> (0x0000000088855e90) thrown at [./src/hotspot/share/prims/jni.cpp, line 615]
Event: 1.308 Thread 0x0000020fed2fa800 Exception <a 'sun/nio/fs/WindowsException'{0x0000000088856798}> (0x0000000088856798) thrown at [./src/hotspot/share/prims/jni.cpp, line 615]
Event: 1.308 Thread 0x0000020fed2fa800 Exception <a 'sun/nio/fs/WindowsException'{0x00000000888570d0}> (0x00000000888570d0) thrown at [./src/hotspot/share/prims/jni.cpp, line 615]
Event: 1.310 Thread 0x0000020fed2fa800 Exception <a 'java/lang/NoSuchMethodError'{0x000000008885d8e0}: 'void java.lang.invoke.DirectMethodHandle$Holder.invokeStatic(java.lang.Object, java.lang.Object, java.lang.Object, java.lang.Object)'> (0x000000008885d8e0) thrown at [./src/hotspot/share/interpreter/linkResolver.cpp, line 773]
Event: 1.370 Thread 0x0000020fed2fa800 Exception <a 'java/lang/NoSuchMethodError'{0x000000008843bcd8}: 'void java.lang.invoke.DirectMethodHandle$Holder.invokeStaticInit(java.lang.Object, java.lang.Object)'> (0x000000008843bcd8) thrown at [./src/hotspot/share/interpreter/linkResolver.cpp, line 773]
Event: 1.440 Thread 0x0000020fed2fa800 Exception <a 'java/lang/NoSuchMethodError'{0x000000008805c130}: 'void java.lang.invoke.DirectMethodHandle$Holder.invokeVirtual(java.lang.Object, java.lang.Object)'> (0x000000008805c130) thrown at [./src/hotspot/share/interpreter/linkResolver.cpp, line 773]
Event: 1.447 Thread 0x0000020fed2fa800 Exception <a 'java/lang/NoSuchMethodError'{0x00000000880cdc90}: 'int java.lang.invoke.DirectMethodHandle$Holder.invokeVirtual(java.lang.Object, java.lang.Object)'> (0x00000000880cdc90) thrown at [./src/hotspot/share/interpreter/linkResolver.cpp, line 773]

Events (20 events):
Event: 1.559 loading class org/jetbrains/kotlin/com/intellij/openapi/vfs/impl/jar/CoreJarVirtualFile
Event: 1.559 loading class org/jetbrains/kotlin/com/intellij/openapi/vfs/impl/jar/CoreJarVirtualFile done
Event: 1.559 loading class org/jetbrains/kotlin/com/intellij/openapi/vfs/impl/jar/CoreJarVirtualFile
Event: 1.559 loading class org/jetbrains/kotlin/com/intellij/openapi/vfs/impl/jar/CoreJarVirtualFile done
Event: 1.559 loading class org/jetbrains/kotlin/com/intellij/util/Function
Event: 1.559 loading class org/jetbrains/kotlin/com/intellij/util/Function done
Event: 1.560 loading class org/jetbrains/kotlin/com/intellij/util/containers/FactoryMap
Event: 1.560 loading class org/jetbrains/kotlin/com/intellij/util/containers/FactoryMap done
Event: 1.560 loading class org/jetbrains/kotlin/com/intellij/util/containers/FactoryMap$1
Event: 1.560 loading class org/jetbrains/kotlin/com/intellij/util/containers/FactoryMap$1 done
Event: 1.560 loading class org/jetbrains/kotlin/com/intellij/openapi/util/io/BufferExposingByteArrayInputStream
Event: 1.560 loading class org/jetbrains/kotlin/com/intellij/openapi/util/io/BufferExposingByteArrayInputStream done
Event: 1.561 loading class org/jetbrains/kotlin/com/intellij/util/io/UnsyncByteArrayInputStream
Event: 1.561 loading class org/jetbrains/kotlin/com/intellij/util/io/UnsyncByteArrayInputStream done
Event: 1.562 loading class org/jetbrains/kotlin/com/intellij/util/Function
Event: 1.562 loading class org/jetbrains/kotlin/com/intellij/util/Function done
Event: 1.562 loading class java/util/AbstractMap$SimpleEntry
Event: 1.562 loading class java/util/AbstractMap$SimpleEntry done
Event: 1.593 loading class java/io/RandomAccessFile$1
Event: 1.593 loading class java/io/RandomAccessFile$1 done


Dynamic libraries:
0x00007ff7d5180000 - 0x00007ff7d518a000 	C:\Program Files\Android\Android Studio\jre\bin\java.exe
0x00007ffa7d010000 - 0x00007ffa7d208000 	C:\Windows\SYSTEM32\ntdll.dll
0x00007ffa7b570000 - 0x00007ffa7b62d000 	C:\Windows\System32\KERNEL32.DLL
0x00007ffa7ada0000 - 0x00007ffa7b06e000 	C:\Windows\System32\KERNELBASE.dll
0x00007ffa7a8f0000 - 0x00007ffa7a9f0000 	C:\Windows\System32\ucrtbase.dll
0x00007ffa73850000 - 0x00007ffa73869000 	C:\Program Files\Android\Android Studio\jre\bin\jli.dll
0x00007ffa73810000 - 0x00007ffa73827000 	C:\Program Files\Android\Android Studio\jre\bin\VCRUNTIME140.dll
0x00007ffa7bad0000 - 0x00007ffa7bc70000 	C:\Windows\System32\USER32.dll
0x00007ffa7ace0000 - 0x00007ffa7ad02000 	C:\Windows\System32\win32u.dll
0x00007ffa66050000 - 0x00007ffa662ea000 	C:\Windows\WinSxS\amd64_microsoft.windows.common-controls_6595b64144ccf1df_6.0.19041.1110_none_60b5254171f9507e\COMCTL32.dll
0x00007ffa7bc70000 - 0x00007ffa7bc9a000 	C:\Windows\System32\GDI32.dll
0x00007ffa7a9f0000 - 0x00007ffa7aafb000 	C:\Windows\System32\gdi32full.dll
0x00007ffa7b300000 - 0x00007ffa7b39e000 	C:\Windows\System32\msvcrt.dll
0x00007ffa7a850000 - 0x00007ffa7a8ed000 	C:\Windows\System32\msvcp_win.dll
0x00007ffa7c760000 - 0x00007ffa7c790000 	C:\Windows\System32\IMM32.DLL
0x00007ffa5a120000 - 0x00007ffa5a1bd000 	C:\Program Files\Android\Android Studio\jre\bin\msvcp140.dll
0x00007ffa151a0000 - 0x00007ffa15c85000 	C:\Program Files\Android\Android Studio\jre\bin\server\jvm.dll
0x00007ffa7b3a0000 - 0x00007ffa7b44e000 	C:\Windows\System32\ADVAPI32.dll
0x00007ffa7b180000 - 0x00007ffa7b21c000 	C:\Windows\System32\sechost.dll
0x00007ffa7b6e0000 - 0x00007ffa7b805000 	C:\Windows\System32\RPCRT4.dll
0x00007ffa7b9e0000 - 0x00007ffa7b9e8000 	C:\Windows\System32\PSAPI.DLL
0x00007ffa75930000 - 0x00007ffa75939000 	C:\Windows\SYSTEM32\WSOCK32.dll
0x00007ffa63f30000 - 0x00007ffa63f57000 	C:\Windows\SYSTEM32\WINMM.dll
0x00007ffa737f0000 - 0x00007ffa737fa000 	C:\Windows\SYSTEM32\VERSION.dll
0x00007ffa7b830000 - 0x00007ffa7b89b000 	C:\Windows\System32\WS2_32.dll
0x00007ffa78fb0000 - 0x00007ffa78fc2000 	C:\Windows\SYSTEM32\kernel.appcore.dll
0x00007ffa73980000 - 0x00007ffa73991000 	C:\Program Files\Android\Android Studio\jre\bin\verify.dll
0x00007ffa63550000 - 0x00007ffa63734000 	C:\Windows\SYSTEM32\DBGHELP.DLL
0x00007ffa5a480000 - 0x00007ffa5a4ac000 	C:\Windows\SYSTEM32\dbgcore.DLL
0x00007ffa7ad10000 - 0x00007ffa7ad92000 	C:\Windows\System32\bcryptPrimitives.dll
0x00007ffa73950000 - 0x00007ffa73979000 	C:\Program Files\Android\Android Studio\jre\bin\java.dll
0x00007ffa754c0000 - 0x00007ffa754cb000 	C:\Program Files\Android\Android Studio\jre\bin\jimage.dll
0x00007ffa63f10000 - 0x00007ffa63f28000 	C:\Program Files\Android\Android Studio\jre\bin\zip.dll
0x00007ffa7c820000 - 0x00007ffa7cf63000 	C:\Windows\System32\SHELL32.dll
0x00007ffa78800000 - 0x00007ffa78f95000 	C:\Windows\SYSTEM32\windows.storage.dll
0x00007ffa7c400000 - 0x00007ffa7c754000 	C:\Windows\System32\combase.dll
0x00007ffa7a0c0000 - 0x00007ffa7a0f0000 	C:\Windows\SYSTEM32\Wldp.dll
0x00007ffa7b070000 - 0x00007ffa7b11d000 	C:\Windows\System32\SHCORE.dll
0x00007ffa7c340000 - 0x00007ffa7c395000 	C:\Windows\System32\shlwapi.dll
0x00007ffa7a670000 - 0x00007ffa7a68f000 	C:\Windows\SYSTEM32\profapi.dll
0x00007ffa62890000 - 0x00007ffa628aa000 	C:\Program Files\Android\Android Studio\jre\bin\net.dll
0x00007ffa66a90000 - 0x00007ffa66b9a000 	C:\Windows\SYSTEM32\WINHTTP.dll
0x00007ffa79e20000 - 0x00007ffa79e8a000 	C:\Windows\system32\mswsock.dll
0x00007ffa5c7b0000 - 0x00007ffa5c7c4000 	C:\Program Files\Android\Android Studio\jre\bin\nio.dll

dbghelp: loaded successfully - version: 4.0.5 - missing functions: none
symbol engine: initialized successfully - sym options: 0x614 - pdb path: .;C:\Program Files\Android\Android Studio\jre\bin;C:\Windows\SYSTEM32;C:\Windows\WinSxS\amd64_microsoft.windows.common-controls_6595b64144ccf1df_6.0.19041.1110_none_60b5254171f9507e;C:\Program Files\Android\Android Studio\jre\bin\server

VM Arguments:
java_command: org.jetbrains.kotlin.cli.jvm.K2JVMCompiler @C:\Users\roger\AndroidStudioProjects\LinearLayoutChallenge\app\build\20221002_12203155793277577142.compiler.options
java_class_path (initial): C:\Users\roger\.gradle\caches\modules-2\files-2.1\org.jetbrains.kotlin\kotlin-compiler-embeddable\1.6.10\88f2073f4020cdb83132cfe940ceb9a60aba54ea\kotlin-compiler-embeddable-1.6.10.jar;C:\Users\roger\.gradle\caches\modules-2\files-2.1\org.jetbrains.kotlin\kotlin-reflect\1.6.10\1cbe9c92c12a94eea200d23c2bbaedaf3daf5132\kotlin-reflect-1.6.10.jar;C:\Users\roger\.gradle\caches\modules-2\files-2.1\org.jetbrains.kotlin\kotlin-stdlib\1.6.10\b8af3fe6f1ca88526914929add63cf5e7c5049af\kotlin-stdlib-1.6.10.jar;C:\Users\roger\.gradle\caches\modules-2\files-2.1\org.jetbrains.kotlin\kotlin-script-runtime\1.6.10\d0a7ff2e2500ef497ed0214ae40ad3c8387a6164\kotlin-script-runtime-1.6.10.jar;C:\Users\roger\.gradle\caches\modules-2\files-2.1\org.jetbrains.kotlin\kotlin-daemon-embeddable\1.6.10\a56d79bcbea411fa6058e4ecffc2de73e742bd2a\kotlin-daemon-embeddable-1.6.10.jar;C:\Users\roger\.gradle\caches\modules-2\files-2.1\org.jetbrains.intellij.deps\trove4j\1.0.20181211\216c2e14b070f334479d800987affe4054cd563f\trove4j-1.0.20181211.jar;C:\Users\roger\.gradle\caches\modules-2\files-2.1\net.java.dev.jna\jna\5.6.0\330f2244e9030119ab3030fc3fededc86713d9cc\jna-5.6.0.jar;C:\Users\roger\.gradle\caches\modules-2\files-2.1\org.jetbrains\annotations\13.0\919f0dfe192fb4e063e7dacadee7f8bb9a2672a9\annotations-13.0.jar;C:\Users\roger\.gradle\caches\modules-2\files-2.1\org.jetbrains.kotlin\kotlin-stdlib-common\1.6.10\c118700e3a33c8a0d9adc920e9dec0831171925\kotlin-stdlib-common-1.6.10.jar
Launcher Type: SUN_STANDARD

[Global flags]
     intx CICompilerCount                          = 4                                         {product} {ergonomic}
     uint ConcGCThreads                            = 2                                         {product} {ergonomic}
     uint G1ConcRefinementThreads                  = 8                                         {product} {ergonomic}
   size_t G1HeapRegionSize                         = 1048576                                   {product} {ergonomic}
    uintx GCDrainStackTargetSize                   = 64                                        {product} {ergonomic}
   size_t InitialHeapSize                          = 134217728                                 {product} {ergonomic}
   size_t MarkStackSize                            = 4194304                                   {product} {ergonomic}
   size_t MaxHeapSize                              = 2124414976                                {product} {ergonomic}
   size_t MaxNewSize                               = 1274019840                                {product} {ergonomic}
   size_t MinHeapDeltaBytes                        = 1048576                                   {product} {ergonomic}
    uintx NonNMethodCodeHeapSize                   = 5836300                                {pd product} {ergonomic}
    uintx NonProfiledCodeHeapSize                  = 122910970                              {pd product} {ergonomic}
    uintx ProfiledCodeHeapSize                     = 122910970                              {pd product} {ergonomic}
    uintx ReservedCodeCacheSize                    = 251658240                              {pd product} {ergonomic}
     bool SegmentedCodeCache                       = true                                      {product} {ergonomic}
     bool UseCompressedClassPointers               = true                                 {lp64_product} {ergonomic}
     bool UseCompressedOops                        = true                                 {lp64_product} {ergonomic}
     bool UseG1GC                                  = true                                      {product} {ergonomic}
     bool UseLargePagesIndividualAllocation        = false                                  {pd product} {ergonomic}

Logging:
Log output configuration:
 #0: stdout all=warning uptime,level,tags
 #1: stderr all=off uptime,level,tags

Environment Variables:
PATH=C:\Program Files (x86)\Common Files\Oracle\Java\javapath;C:\ProgramData\Oracle\Java\javapath;C:\Windows\system32;C:\Windows;C:\Windows\System32\Wbem;C:\Windows\System32\WindowsPowerShell\v1.0\;C:\Windows\System32\OpenSSH\;C:\Program Files\NVIDIA Corporation\NVIDIA NvDLISR;C:\Program Files (x86)\NVIDIA Corporation\PhysX\Common;C:\Program Files\dotnet\;C:\Program Files\AutoFirma\AutoFirma;C:\MinGW\bin;C:\Users\roger\AppData\Local\Programs\Python\Python39\Scripts\;C:\Users\roger\AppData\Local\Programs\Python\Python39\;C:\Users\roger\AppData\Local\Microsoft\WindowsApps;;C:\Users\roger\AppData\Local\Programs\Microsoft VS Code\bin
USERNAME=roger
OS=Windows_NT
PROCESSOR_IDENTIFIER=Intel64 Family 6 Model 142 Stepping 10, GenuineIntel



---------------  S Y S T E M  ---------------

OS: Windows 10 , 64 bit Build 19041 (10.0.19041.1889)
OS uptime: 0 days 6:55 hours

CPU:total 8 (initial active 8) (4 cores per cpu, 2 threads per core) family 6 model 142 stepping 10 microcode 0xb4, cmov, cx8, fxsr, mmx, sse, sse2, sse3, ssse3, sse4.1, sse4.2, popcnt, avx, avx2, aes, clmul, erms, 3dnowpref, lzcnt, ht, tsc, tscinvbit, bmi1, bmi2, adx, fma

Memory: 4k page, system-wide physical 8101M (238M free)
TotalPageFile size 12101M (AvailPageFile size 4M)
current process WorkingSet (physical memory assigned to process): 148M, peak: 148M
current process commit charge ("private bytes"): 262M, peak: 263M

vm_info: OpenJDK 64-Bit Server VM (11.0.12+7-b1504.28-7817840) for windows-amd64 JRE (11.0.12+7-b1504.28-7817840), built on Oct 13 2021 22:12:33 by "builder" with MS VC++ 14.0 (VS2015)

END.
